<%@ page language="java" contentType="text/html; charset=UTF-8"
    pageEncoding="UTF-8"%>
<%@ page import="java.sql.*" %>
<%@ include file = "dbConn.jsp" %>
<% 
	String u_id = request.getParameter("userID");
	String sql = "DELETE FROM members WHERE id = ?";
	
	PreparedStatement sm = conn.prepareStatement(sql);
	sm.setString(1, u_id);

	int count = sm.executeUpdate();
	
	if(count == 1){
		response.sendRedirect("drawSuccess.jsp");
	}else{
		response.sendRedirect("drawErr.jsp");
	}
	sm.close();
	conn.close();	
%>

/*draw Check*/

<%@ page language="java" contentType="text/html; charset=UTF-8"
    pageEncoding="UTF-8"%>
<!DOCTYPE html>
<html>
<head>
	<meta charset="UTF-8">
	<title> 회원 탈퇴 </title>
</head>
<body>
	Home > 회원 탈퇴
	<hr>
	회원 탈퇴 실패 ! <br>
	아이디를 다시 확인해 주세요.<br>

	<form action="withdraw.jsp" name="w_form" method="post" >
		<p>
		<input type="submit" value=" 회원 탈퇴 재시도 ▶" >
	</form> 	
</body>
</html>

/*drawerr*/

<%@ page language="java" contentType="text/html; charset=UTF-8"
    pageEncoding="UTF-8"%>
<!DOCTYPE html>
<html>
<head>
	<meta charset="UTF-8">
	<title> 회원 탈퇴 성공 </title>
</head>
<body>
<center>
	<h1>아가랑 회원 탈퇴 성공</h1>
	<hr>
	<h3>그동안 감사했습니다. </h3><p>

	<table border="0">
		<tr>
			<td>
				<form action="main.jsp" method="post" >
					<input type="submit" value=" ◀ 메인 화면으로 " >
				</form>	
			</td>
			<td>		
				<form action="signup.jsp" method="post" >
					<input type="submit" value=" 다시 가입하기 ▶" >
				</form>
			</td>
		</tr>	 
	</table>	
	</center>		
</body>
</html>

/*drawSucces*/
